<?xml version="1.0" encoding="UTF-8"?>
<robot generator="Robot 7.1 (Python 3.12.6 on win32)" generated="2024-09-17T20:12:48.664373" rpa="false" schemaversion="5">
<suite id="s1" name="Robot Freamwork" source="C:\Users\chano\Desktop\Robot_Freamwork">
<suite id="s1-s1" name="Secsion04" source="C:\Users\chano\Desktop\Robot_Freamwork\secsion04">
<suite id="s1-s1-s1" name="Sec04" source="C:\Users\chano\Desktop\Robot_Freamwork\secsion04\sec04.robot">
<test id="s1-s1-s1-t1" name="TC01" line="9">
<kw name="Open url" owner="keyword">
<kw name="Open Browser" owner="SeleniumLibrary">
<msg time="2024-09-17T20:12:48.896337" level="INFO">Opening browser 'gc' to base url 'https://www.google.com/'.</msg>
<arg>${url}</arg>
<arg>${browser}</arg>
<doc>Opens a new browser instance to the optional ``url``.</doc>
<status status="PASS" start="2024-09-17T20:12:48.896337" elapsed="5.098641"/>
</kw>
<status status="PASS" start="2024-09-17T20:12:48.896337" elapsed="5.098641"/>
</kw>
<kw name="Input-search" owner="keyword">
<kw name="Input Text" owner="SeleniumLibrary">
<msg time="2024-09-17T20:12:53.994978" level="INFO">Typing text 'robot' into text field 'id=APjFqb'.</msg>
<arg>id=APjFqb</arg>
<arg>${value}</arg>
<doc>Types the given ``text`` into the text field identified by ``locator``.</doc>
<status status="PASS" start="2024-09-17T20:12:53.994978" elapsed="0.073095"/>
</kw>
<arg>${search}</arg>
<status status="PASS" start="2024-09-17T20:12:53.994978" elapsed="0.073095"/>
</kw>
<tag>test</tag>
<status status="PASS" start="2024-09-17T20:12:48.896337" elapsed="5.171736"/>
</test>
<status status="PASS" start="2024-09-17T20:12:48.713047" elapsed="5.356041"/>
</suite>
<status status="PASS" start="2024-09-17T20:12:48.706012" elapsed="5.364071"/>
</suite>
<status status="PASS" start="2024-09-17T20:12:48.682353" elapsed="5.387730"/>
</suite>
<statistics>
<total>
<stat pass="1" fail="0" skip="0">All Tests</stat>
</total>
<tag>
<stat pass="1" fail="0" skip="0">test</stat>
</tag>
<suite>
<stat pass="1" fail="0" skip="0" id="s1" name="Robot Freamwork">Robot Freamwork</stat>
<stat pass="1" fail="0" skip="0" id="s1-s1" name="Secsion04">Robot Freamwork.Secsion04</stat>
<stat pass="1" fail="0" skip="0" id="s1-s1-s1" name="Sec04">Robot Freamwork.Secsion04.Sec04</stat>
</suite>
</statistics>
<errors>
<msg time="2024-09-17T20:12:48.664373" level="WARN">Error in file 'C:\Users\chano\Desktop\Robot_Freamwork\secsion01\first_Robot.robot' on line 10: Singular section headers like '*** Test case ***' are deprecated. Use plural format like '*** Test Cases ***' instead.</msg>
</errors>
</robot>
