<?xml version="1.0" encoding="UTF-8"?>
<robot generator="Robot 7.1 (Python 3.12.6 on win32)" generated="2024-09-17T19:00:49.636083" rpa="false" schemaversion="5">
<suite id="s1" name="Robot Freamwork" source="C:\Users\chano\Desktop\Robot_Freamwork">
<suite id="s1-s1" name="Robot04" source="C:\Users\chano\Desktop\Robot_Freamwork\robot04.robot">
<test id="s1-s1-t1" name="TC01 - Open browser" line="5">
<kw name="Open url" owner="keyword">
<kw name="Open Browser" owner="SeleniumLibrary">
<msg time="2024-09-17T19:00:49.779494" level="INFO">Opening browser 'gc' to base url 'https://www.google.com/'.</msg>
<arg>${url}</arg>
<arg>${browser}</arg>
<doc>Opens a new browser instance to the optional ``url``.</doc>
<status status="PASS" start="2024-09-17T19:00:49.779494" elapsed="5.072142"/>
</kw>
<status status="PASS" start="2024-09-17T19:00:49.778486" elapsed="5.073150"/>
</kw>
<kw name="Return text search" owner="keyword">
<kw name="Set Variable" owner="BuiltIn">
<msg time="2024-09-17T19:00:54.852669" level="INFO">${textsearch} = robot</msg>
<var>${textsearch}</var>
<arg>${text}</arg>
<doc>Returns the given values which can then be assigned to a variables.</doc>
<status status="PASS" start="2024-09-17T19:00:54.852669" elapsed="0.000000"/>
</kw>
<return>
<value>${textsearch}</value>
<status status="PASS" start="2024-09-17T19:00:54.852669" elapsed="0.000982"/>
</return>
<msg time="2024-09-17T19:00:54.853651" level="INFO">${value_search} = robot</msg>
<var>${value_search}</var>
<arg>robot</arg>
<status status="PASS" start="2024-09-17T19:00:54.851636" elapsed="0.002015"/>
</kw>
<kw name="Log To Console" owner="BuiltIn">
<arg>${value_search}</arg>
<doc>Logs the given message to the console.</doc>
<status status="PASS" start="2024-09-17T19:00:54.853651" elapsed="0.000982"/>
</kw>
<status status="PASS" start="2024-09-17T19:00:49.777976" elapsed="5.076657"/>
</test>
<test id="s1-s1-t2" name="Tc02 - Open and input text with Arrgument" line="10">
<kw name="Open url" owner="keyword">
<kw name="Open Browser" owner="SeleniumLibrary">
<msg time="2024-09-17T19:00:54.856633" level="INFO">Opening browser 'gc' to base url 'https://www.google.com/'.</msg>
<arg>${url}</arg>
<arg>${browser}</arg>
<doc>Opens a new browser instance to the optional ``url``.</doc>
<status status="PASS" start="2024-09-17T19:00:54.856633" elapsed="4.348423"/>
</kw>
<status status="PASS" start="2024-09-17T19:00:54.855634" elapsed="4.349422"/>
</kw>
<kw name="Input-search" owner="keyword">
<kw name="Input Text" owner="SeleniumLibrary">
<msg time="2024-09-17T19:00:59.206509" level="INFO">Typing text 'seccess to in put text with argument' into text field 'id=APjFqb'.</msg>
<arg>id=APjFqb</arg>
<arg>${value}</arg>
<doc>Types the given ``text`` into the text field identified by ``locator``.</doc>
<status status="PASS" start="2024-09-17T19:00:59.205479" elapsed="0.132998"/>
</kw>
<arg>value=seccess to in put text with argument</arg>
<status status="PASS" start="2024-09-17T19:00:59.205479" elapsed="0.134012"/>
</kw>
<status status="PASS" start="2024-09-17T19:00:54.855634" elapsed="4.483857"/>
</test>
<status status="PASS" start="2024-09-17T19:00:49.652168" elapsed="9.688322"/>
</suite>
<status status="PASS" start="2024-09-17T19:00:49.638622" elapsed="9.703869"/>
</suite>
<statistics>
<total>
<stat pass="2" fail="0" skip="0">All Tests</stat>
</total>
<tag>
</tag>
<suite>
<stat pass="2" fail="0" skip="0" id="s1" name="Robot Freamwork">Robot Freamwork</stat>
<stat pass="2" fail="0" skip="0" id="s1-s1" name="Robot04">Robot Freamwork.Robot04</stat>
</suite>
</statistics>
<errors>
</errors>
</robot>
