<?xml version="1.0" encoding="UTF-8"?>
<robot generator="Robot 7.1 (Python 3.12.6 on win32)" generated="2024-09-26T14:26:19.720755" rpa="false" schemaversion="5">
<suite id="s1" name="Tc01" source="C:\Users\chano\Desktop\Robot_Framework\02\Task\testcases\tc01.robot">
<test id="s1-t1" name="Test Register" line="4">
<kw name="Open Website" owner="common">
<kw name="Open Browser" owner="SeleniumLibrary">
<msg time="2024-09-26T14:26:20.049652" level="INFO">Opening browser 'gc' to base url 'https://training-platform.doppio-tech.com/'.</msg>
<arg>${uat.url}</arg>
<arg>gc</arg>
<doc>Opens a new browser instance to the optional ``url``.</doc>
<status status="PASS" start="2024-09-26T14:26:20.048687" elapsed="5.792845"/>
</kw>
<status status="PASS" start="2024-09-26T14:26:20.047088" elapsed="5.795444"/>
</kw>
<kw name="Click user icon" owner="common">
<kw name="Wait Until Element Is Visible" owner="SeleniumLibrary">
<arg>${common_locator.user_icon}</arg>
<doc>Waits until the element ``locator`` is visible.</doc>
<status status="PASS" start="2024-09-26T14:26:25.843533" elapsed="0.032563"/>
</kw>
<kw name="Click Element" owner="SeleniumLibrary">
<msg time="2024-09-26T14:26:25.877095" level="INFO">Clicking element 'xpath=//span[@class='anticon anticon-user icon-size']'.</msg>
<arg>${common_locator.user_icon}</arg>
<doc>Click the element identified by ``locator``.</doc>
<status status="PASS" start="2024-09-26T14:26:25.876096" elapsed="0.267702"/>
</kw>
<status status="PASS" start="2024-09-26T14:26:25.842532" elapsed="0.301266"/>
</kw>
<kw name="Click Sign up button" owner="login_page">
<kw name="Click Element" owner="SeleniumLibrary">
<msg time="2024-09-26T14:26:26.148799" level="INFO">Clicking element 'xpath=//button[span[text()='Sign up']]'.</msg>
<arg>${login_locator.sign_up_btn}</arg>
<doc>Click the element identified by ``locator``.</doc>
<status status="PASS" start="2024-09-26T14:26:26.145797" elapsed="0.114888"/>
</kw>
<status status="PASS" start="2024-09-26T14:26:26.144800" elapsed="0.115885"/>
</kw>
<kw name="Input email" owner="register_page">
<kw name="Input Text" owner="SeleniumLibrary">
<msg time="2024-09-26T14:26:26.262693" level="INFO">Typing text 'chanon14@gmail.com' into text field 'xpath=//input[@id='basic_username']'.</msg>
<arg>${register_locator.username_container}</arg>
<arg>${email}</arg>
<doc>Types the given ``text`` into the text field identified by ``locator``.</doc>
<status status="PASS" start="2024-09-26T14:26:26.262693" elapsed="0.162825"/>
</kw>
<arg>${users.user01.username}</arg>
<status status="PASS" start="2024-09-26T14:26:26.260685" elapsed="0.164833"/>
</kw>
<kw name="Input password" owner="register_page">
<kw name="Input Text" owner="SeleniumLibrary">
<msg time="2024-09-26T14:26:26.428516" level="INFO">Typing text '12345678Chanon!' into text field 'xpath=//input[@id='basic_password']'.</msg>
<arg>${register_locator.password_container}</arg>
<arg>${password}</arg>
<doc>Types the given ``text`` into the text field identified by ``locator``.</doc>
<status status="PASS" start="2024-09-26T14:26:26.427520" elapsed="0.127900"/>
</kw>
<arg>${users.user01.password}</arg>
<status status="PASS" start="2024-09-26T14:26:26.426501" elapsed="0.128919"/>
</kw>
<kw name="Input confirm password" owner="register_page">
<kw name="Input Text" owner="SeleniumLibrary">
<msg time="2024-09-26T14:26:26.557444" level="INFO">Typing text '12345678Chanon!' into text field 'xpath=//input[@id='basic_confirmPassword']'.</msg>
<arg>${register_locator.confirm_password_container}</arg>
<arg>${cf_password}</arg>
<doc>Types the given ``text`` into the text field identified by ``locator``.</doc>
<status status="PASS" start="2024-09-26T14:26:26.557444" elapsed="0.131835"/>
</kw>
<arg>${users.user01.password}</arg>
<status status="PASS" start="2024-09-26T14:26:26.556443" elapsed="0.132836"/>
</kw>
<kw name="Submit" owner="register_page">
<kw name="Click Element" owner="SeleniumLibrary">
<msg time="2024-09-26T14:26:26.690287" level="INFO">Clicking element 'xpath=//button[span[text()='SIGNUP']]'.</msg>
<arg>${register_locator.submit_btn}</arg>
<doc>Click the element identified by ``locator``.</doc>
<status status="PASS" start="2024-09-26T14:26:26.690287" elapsed="0.053038"/>
</kw>
<kw name="Wait Until Element Is Visible" owner="SeleniumLibrary">
<arg>${register_locator.ok_btn}</arg>
<doc>Waits until the element ``locator`` is visible.</doc>
<status status="PASS" start="2024-09-26T14:26:26.743325" elapsed="0.246285"/>
</kw>
<kw name="Click Element" owner="SeleniumLibrary">
<msg time="2024-09-26T14:26:26.990610" level="INFO">Clicking element '//button[span[text()='OK']]'.</msg>
<arg>${register_locator.ok_btn}</arg>
<doc>Click the element identified by ``locator``.</doc>
<status status="PASS" start="2024-09-26T14:26:26.989610" elapsed="0.043836"/>
</kw>
<status status="PASS" start="2024-09-26T14:26:26.690287" elapsed="0.343159"/>
</kw>
<kw name="Click user icon" owner="common">
<kw name="Wait Until Element Is Visible" owner="SeleniumLibrary">
<msg time="2024-09-26T14:26:32.279456" level="INFO" html="true">&lt;/td&gt;&lt;/tr&gt;&lt;tr&gt;&lt;td colspan="3"&gt;&lt;a href="selenium-screenshot-2.png"&gt;&lt;img src="selenium-screenshot-2.png" width="800px"&gt;&lt;/a&gt;</msg>
<msg time="2024-09-26T14:26:32.279456" level="FAIL">Element 'xpath=//span[@class='anticon anticon-user icon-size']' not visible after 5 seconds.</msg>
<arg>${common_locator.user_icon}</arg>
<doc>Waits until the element ``locator`` is visible.</doc>
<status status="FAIL" start="2024-09-26T14:26:27.034461" elapsed="5.249963">Element 'xpath=//span[@class='anticon anticon-user icon-size']' not visible after 5 seconds.</status>
</kw>
<kw name="Click Element" owner="SeleniumLibrary">
<arg>${common_locator.user_icon}</arg>
<doc>Click the element identified by ``locator``.</doc>
<status status="NOT RUN" start="2024-09-26T14:26:32.284424" elapsed="0.000000"/>
</kw>
<status status="FAIL" start="2024-09-26T14:26:27.033446" elapsed="5.250978">Element 'xpath=//span[@class='anticon anticon-user icon-size']' not visible after 5 seconds.</status>
</kw>
<kw name="Log out" owner="user_profile_page">
<status status="NOT RUN" start="2024-09-26T14:26:32.285538" elapsed="0.000000"/>
</kw>
<status status="FAIL" start="2024-09-26T14:26:20.045087" elapsed="12.245988">Element 'xpath=//span[@class='anticon anticon-user icon-size']' not visible after 5 seconds.</status>
</test>
<test id="s1-t2" name="Test Log in" line="14">
<kw name="Open Website" owner="common">
<kw name="Open Browser" owner="SeleniumLibrary">
<msg time="2024-09-26T14:26:32.304116" level="INFO">Opening browser 'gc' to base url 'https://training-platform.doppio-tech.com/'.</msg>
<arg>${uat.url}</arg>
<arg>gc</arg>
<doc>Opens a new browser instance to the optional ``url``.</doc>
<status status="PASS" start="2024-09-26T14:26:32.302121" elapsed="4.834291"/>
</kw>
<status status="PASS" start="2024-09-26T14:26:32.300102" elapsed="4.836310"/>
</kw>
<kw name="Click user icon" owner="common">
<kw name="Wait Until Element Is Visible" owner="SeleniumLibrary">
<arg>${common_locator.user_icon}</arg>
<doc>Waits until the element ``locator`` is visible.</doc>
<status status="PASS" start="2024-09-26T14:26:37.138412" elapsed="0.022068"/>
</kw>
<kw name="Click Element" owner="SeleniumLibrary">
<msg time="2024-09-26T14:26:37.160480" level="INFO">Clicking element 'xpath=//span[@class='anticon anticon-user icon-size']'.</msg>
<arg>${common_locator.user_icon}</arg>
<doc>Click the element identified by ``locator``.</doc>
<status status="PASS" start="2024-09-26T14:26:37.160480" elapsed="0.105496"/>
</kw>
<status status="PASS" start="2024-09-26T14:26:37.137412" elapsed="0.129563"/>
</kw>
<kw name="Login" owner="login_feature">
<kw name="Fill in an Email" owner="login_page">
<kw name="Input Text" owner="SeleniumLibrary">
<msg time="2024-09-26T14:26:37.271493" level="INFO">Typing text 'chanon14@gmail.com' into text field 'xpath=//span[@aria-label='user']/ancestor::span/following-sibling::input'.</msg>
<arg>${login_locator.email_container}</arg>
<arg>${email}</arg>
<doc>Types the given ``text`` into the text field identified by ``locator``.</doc>
<status status="PASS" start="2024-09-26T14:26:37.270487" elapsed="0.172259"/>
</kw>
<arg>${email}</arg>
<status status="PASS" start="2024-09-26T14:26:37.269487" elapsed="0.174262"/>
</kw>
<kw name="Fill in password" owner="login_page">
<kw name="Input Text" owner="SeleniumLibrary">
<msg time="2024-09-26T14:26:37.443749" level="INFO">Typing text '12345678Chanon!' into text field 'xpath=//input[@type='password']'.</msg>
<arg>${login_locator.password_container}</arg>
<arg>${password}</arg>
<doc>Types the given ``text`` into the text field identified by ``locator``.</doc>
<status status="PASS" start="2024-09-26T14:26:37.443749" elapsed="0.119708"/>
</kw>
<arg>${password}</arg>
<status status="PASS" start="2024-09-26T14:26:37.443749" elapsed="0.119708"/>
</kw>
<kw name="Click login and ok_btn" owner="login_page">
<kw name="Click Button" owner="SeleniumLibrary">
<msg time="2024-09-26T14:26:37.565455" level="INFO">Clicking button 'xpath=//button[@type='submit']'.</msg>
<arg>${login_locator.log_in_btn}</arg>
<doc>Clicks the button identified by ``locator``.</doc>
<status status="PASS" start="2024-09-26T14:26:37.564456" elapsed="0.087040"/>
</kw>
<kw name="Wait Until Element Is Visible" owner="SeleniumLibrary">
<arg>${log_in_locator.ok_btn}</arg>
<arg>10s</arg>
<doc>Waits until the element ``locator`` is visible.</doc>
<status status="PASS" start="2024-09-26T14:26:37.651496" elapsed="0.234445"/>
</kw>
<kw name="Click Button" owner="SeleniumLibrary">
<msg time="2024-09-26T14:26:37.885941" level="INFO">Clicking button 'xpath=//button[span[text()='OK']]'.</msg>
<arg>${login_locator.ok_btn}</arg>
<doc>Clicks the button identified by ``locator``.</doc>
<status status="PASS" start="2024-09-26T14:26:37.885941" elapsed="0.098799"/>
</kw>
<status status="PASS" start="2024-09-26T14:26:37.563457" elapsed="0.421283"/>
</kw>
<arg>${users.user01.username}</arg>
<arg>${users.user01.password}</arg>
<status status="PASS" start="2024-09-26T14:26:37.266975" elapsed="0.717765"/>
</kw>
<kw name="Search product in search bar" owner="home_page">
<kw name="Input Text" owner="SeleniumLibrary">
<msg time="2024-09-26T14:26:37.987740" level="INFO">Typing text 'phone' into text field 'xpath=//input[@placeholder='input search text']'.</msg>
<arg>${home_locator.input_txt}</arg>
<arg>${searchtxt}</arg>
<doc>Types the given ``text`` into the text field identified by ``locator``.</doc>
<status status="PASS" start="2024-09-26T14:26:37.986740" elapsed="0.112728"/>
</kw>
<kw name="Click Element" owner="SeleniumLibrary">
<msg time="2024-09-26T14:26:38.100468" level="INFO">Clicking element 'xpath=//div[@class='search-container']/span//button'.</msg>
<arg>${home_locator.search_btn}</arg>
<doc>Click the element identified by ``locator``.</doc>
<status status="PASS" start="2024-09-26T14:26:38.099468" elapsed="0.133363"/>
</kw>
<arg>${searchtxt.searchtxt_1}</arg>
<status status="PASS" start="2024-09-26T14:26:37.985739" elapsed="0.248091"/>
</kw>
<kw name="Click product and add product to cart" owner="home_feature">
<kw name="Wait Until Element Is Visible" owner="SeleniumLibrary">
<arg>xpath=//div[text()='${product_name}']</arg>
<doc>Waits until the element ``locator`` is visible.</doc>
<status status="PASS" start="2024-09-26T14:26:38.234829" elapsed="0.447817"/>
</kw>
<kw name="Click Element" owner="SeleniumLibrary">
<msg time="2024-09-26T14:26:38.682646" level="INFO">Clicking element 'xpath=//div[text()='Aoppee phone']'.</msg>
<arg>xpath=//div[text()='${product_name}']</arg>
<doc>Click the element identified by ``locator``.</doc>
<status status="PASS" start="2024-09-26T14:26:38.682646" elapsed="0.239770"/>
</kw>
<kw name="Add product to cart" owner="home_page">
<kw name="Wait Until Element Is Visible" owner="SeleniumLibrary">
<arg>${home_locator.add_to_cart_btn}</arg>
<doc>Waits until the element ``locator`` is visible.</doc>
<status status="PASS" start="2024-09-26T14:26:38.924415" elapsed="0.227976"/>
</kw>
<kw name="Click Element" owner="SeleniumLibrary">
<msg time="2024-09-26T14:26:39.152391" level="INFO">Clicking element 'xpath=//span[text()='Add to cart']'.</msg>
<arg>${home_locator.add_to_cart_btn}</arg>
<doc>Click the element identified by ``locator``.</doc>
<status status="PASS" start="2024-09-26T14:26:39.152391" elapsed="0.047186"/>
</kw>
<status status="PASS" start="2024-09-26T14:26:38.923414" elapsed="0.276163"/>
</kw>
<kw name="Wait and click ok" owner="home_page">
<kw name="Wait Until Element Is Visible" owner="SeleniumLibrary">
<arg>${home_locator.ok_popup}</arg>
<doc>Waits until the element ``locator`` is visible.</doc>
<status status="PASS" start="2024-09-26T14:26:39.200600" elapsed="0.243880"/>
</kw>
<kw name="Click Element" owner="SeleniumLibrary">
<msg time="2024-09-26T14:26:39.445482" level="INFO">Clicking element 'xpath=//span[text()='OK']'.</msg>
<arg>${home_locator.ok_popup}</arg>
<doc>Click the element identified by ``locator``.</doc>
<status status="PASS" start="2024-09-26T14:26:39.445482" elapsed="0.054438"/>
</kw>
<status status="PASS" start="2024-09-26T14:26:39.200600" elapsed="0.299320"/>
</kw>
<arg>${product.product_1}</arg>
<status status="PASS" start="2024-09-26T14:26:38.233830" elapsed="1.266090"/>
</kw>
<kw name="Open Cart" owner="common">
<kw name="Click Element" owner="SeleniumLibrary">
<msg time="2024-09-26T14:26:39.500926" level="INFO">Clicking element 'xpath=//span[@aria-label='shopping-cart']'.</msg>
<arg>${common_locator.shopping_cart_icon}</arg>
<doc>Click the element identified by ``locator``.</doc>
<status status="PASS" start="2024-09-26T14:26:39.500926" elapsed="0.294933"/>
</kw>
<status status="PASS" start="2024-09-26T14:26:39.500926" elapsed="0.294933"/>
</kw>
<kw name="Fill in Delivery info and Start Payment Process" owner="cart_feature">
<kw name="Input name in Delivery info" owner="cart_page">
<kw name="Input Text" owner="SeleniumLibrary">
<msg time="2024-09-26T14:26:39.805372" level="INFO">Typing text 'Chanon' into text field 'xpath=//input[@placeholder='Name']'.</msg>
<arg>${cart_locator.input_txt_name}</arg>
<arg>${name}</arg>
<doc>Types the given ``text`` into the text field identified by ``locator``.</doc>
<status status="PASS" start="2024-09-26T14:26:39.804372" elapsed="0.113372"/>
</kw>
<arg>${name}</arg>
<status status="PASS" start="2024-09-26T14:26:39.803371" elapsed="0.114373"/>
</kw>
<kw name="Input surName in Delivery info" owner="cart_page">
<kw name="Input Text" owner="SeleniumLibrary">
<msg time="2024-09-26T14:26:39.917744" level="INFO">Typing text 'Seesom' into text field 'xpath=//input[@placeholder='Surname']'.</msg>
<arg>${cart_locator.input_txt_surName}</arg>
<arg>${surname}</arg>
<doc>Types the given ``text`` into the text field identified by ``locator``.</doc>
<status status="PASS" start="2024-09-26T14:26:39.917744" elapsed="0.102015"/>
</kw>
<arg>${surname}</arg>
<status status="PASS" start="2024-09-26T14:26:39.917744" elapsed="0.103015"/>
</kw>
<kw name="Input address in Delivery info" owner="cart_page">
<kw name="Input Text" owner="SeleniumLibrary">
<msg time="2024-09-26T14:26:40.021760" level="INFO">Typing text 'Nu Pitsanulok' into text field 'xpath=//input[@placeholder='Shipping address']'.</msg>
<arg>${cart_locator.input_txt_address}</arg>
<arg>${address}</arg>
<doc>Types the given ``text`` into the text field identified by ``locator``.</doc>
<status status="PASS" start="2024-09-26T14:26:40.021760" elapsed="0.151889"/>
</kw>
<arg>${address}</arg>
<status status="PASS" start="2024-09-26T14:26:40.020759" elapsed="0.152890"/>
</kw>
<kw name="Input phone in Delivery info" owner="cart_page">
<kw name="Input Text" owner="SeleniumLibrary">
<msg time="2024-09-26T14:26:40.175650" level="INFO">Typing text '0987654321' into text field 'xpath=//input[@placeholder='Phone number']'.</msg>
<arg>${cart_locator.input_txt_phone}</arg>
<arg>${phone}</arg>
<doc>Types the given ``text`` into the text field identified by ``locator``.</doc>
<status status="PASS" start="2024-09-26T14:26:40.174649" elapsed="0.126784"/>
</kw>
<arg>${phone}</arg>
<status status="PASS" start="2024-09-26T14:26:40.174649" elapsed="0.126784"/>
</kw>
<kw name="Input email in Delivery info" owner="cart_page">
<kw name="Input Text" owner="SeleniumLibrary">
<msg time="2024-09-26T14:26:40.302433" level="INFO">Typing text 'chanon06@gmail.com' into text field 'xpath=//input[@id='form_item_email']'.</msg>
<arg>${cart_locator.input_txt_email}</arg>
<arg>${email}</arg>
<doc>Types the given ``text`` into the text field identified by ``locator``.</doc>
<status status="PASS" start="2024-09-26T14:26:40.302433" elapsed="0.161948"/>
</kw>
<arg>${email}</arg>
<status status="PASS" start="2024-09-26T14:26:40.301433" elapsed="0.162948"/>
</kw>
<kw name="Click Pay button" owner="cart_page">
<kw name="Click Button" owner="SeleniumLibrary">
<msg time="2024-09-26T14:26:40.464381" level="INFO">Clicking button 'xpath=//button[span[text()='PAY']]'.</msg>
<arg>${cart_locator.pay_btn}</arg>
<doc>Clicks the button identified by ``locator``.</doc>
<status status="PASS" start="2024-09-26T14:26:40.464381" elapsed="0.100185"/>
</kw>
<status status="PASS" start="2024-09-26T14:26:40.464381" elapsed="0.100185"/>
</kw>
<arg>${users.user01.name}</arg>
<arg>${users.user01.surname}</arg>
<arg>${users.user01.address}</arg>
<arg>${users.user01.phoneNum}</arg>
<arg>${users.user01.email}</arg>
<status status="PASS" start="2024-09-26T14:26:39.796860" elapsed="0.768706"/>
</kw>
<kw name="Select Payment Method" owner="payment_page">
<kw name="Click Element" owner="SeleniumLibrary">
<msg time="2024-09-26T14:26:40.567564" level="INFO">Clicking element '//span[text()='Credit Card']'.</msg>
<arg>${payment_locator.cradite_radio}</arg>
<doc>Click the element identified by ``locator``.</doc>
<status status="PASS" start="2024-09-26T14:26:40.566568" elapsed="0.043071"/>
</kw>
<kw name="Click Element" owner="SeleniumLibrary">
<msg time="2024-09-26T14:26:40.610639" level="INFO">Clicking element '//button/span[text()='Next']'.</msg>
<arg>//button/span[text()='Next']</arg>
<doc>Click the element identified by ``locator``.</doc>
<status status="PASS" start="2024-09-26T14:26:40.610639" elapsed="0.088792"/>
</kw>
<status status="PASS" start="2024-09-26T14:26:40.566568" elapsed="0.133865"/>
</kw>
<kw name="Fill in Credit Card Details and Confirm Payment" owner="payment_feature">
<kw name="Fill card number in Credit Card Details" owner="payment_page">
<kw name="Input Text" owner="SeleniumLibrary">
<msg time="2024-09-26T14:26:40.706443" level="INFO">Typing text '4111111111111111' into text field 'xpath=//input[@placeholder='Valid Card Number']'.</msg>
<arg>${payment_locator.card_number_container}</arg>
<arg>${creditcard}</arg>
<doc>Types the given ``text`` into the text field identified by ``locator``.</doc>
<status status="PASS" start="2024-09-26T14:26:40.706443" elapsed="0.234431"/>
</kw>
<arg>${creditcard}</arg>
<status status="PASS" start="2024-09-26T14:26:40.706443" elapsed="0.235428"/>
</kw>
<kw name="Fill expire date in Credit Card Details" owner="payment_page">
<kw name="Input Text" owner="SeleniumLibrary">
<msg time="2024-09-26T14:26:40.941871" level="INFO">Typing text '05/2026' into text field 'xpath=//input[@placeholder='MM/YYYY']'.</msg>
<arg>${payment_locator.exp_container}</arg>
<arg>${exp}</arg>
<doc>Types the given ``text`` into the text field identified by ``locator``.</doc>
<status status="PASS" start="2024-09-26T14:26:40.941871" elapsed="0.121671"/>
</kw>
<arg>${exp}</arg>
<status status="PASS" start="2024-09-26T14:26:40.941871" elapsed="0.121671"/>
</kw>
<kw name="Fill cvc in Credit Card Details" owner="payment_page">
<kw name="Input Text" owner="SeleniumLibrary">
<msg time="2024-09-26T14:26:41.064540" level="INFO">Typing text '955' into text field 'xpath=//input[@placeholder='CVC']'.</msg>
<arg>${payment_locator.cvc_container}</arg>
<arg>${cvc}</arg>
<doc>Types the given ``text`` into the text field identified by ``locator``.</doc>
<status status="PASS" start="2024-09-26T14:26:41.064540" elapsed="0.096403"/>
</kw>
<arg>${cvc}</arg>
<status status="PASS" start="2024-09-26T14:26:41.063542" elapsed="0.098416"/>
</kw>
<kw name="Fill card holder name in Credit Card Details" owner="payment_page">
<kw name="Input Text" owner="SeleniumLibrary">
<msg time="2024-09-26T14:26:41.161958" level="INFO">Typing text 'Chanom Seesom' into text field 'xpath=//input[@placeholder='Card Owner Name']'.</msg>
<arg>${payment_locator.holder_name_container}</arg>
<arg>${name}</arg>
<doc>Types the given ``text`` into the text field identified by ``locator``.</doc>
<status status="PASS" start="2024-09-26T14:26:41.161958" elapsed="0.126421"/>
</kw>
<arg>${name}</arg>
<status status="PASS" start="2024-09-26T14:26:41.161958" elapsed="0.126421"/>
</kw>
<kw name="Click ConfirmPayment" owner="payment_page">
<kw name="Click Button" owner="SeleniumLibrary">
<msg time="2024-09-26T14:26:41.289392" level="INFO">Clicking button 'xpath=//button[span[text()='Confirm Payment']]'.</msg>
<arg>${payment_locator.confirm_payment_btn}</arg>
<doc>Clicks the button identified by ``locator``.</doc>
<status status="PASS" start="2024-09-26T14:26:41.289392" elapsed="0.095299"/>
</kw>
<kw name="Wait Until Element Is Visible" owner="SeleniumLibrary">
<arg>${payment_locator.ok_btn}</arg>
<doc>Waits until the element ``locator`` is visible.</doc>
<status status="PASS" start="2024-09-26T14:26:41.385692" elapsed="0.240470"/>
</kw>
<kw name="Click Button" owner="SeleniumLibrary">
<msg time="2024-09-26T14:26:41.626162" level="INFO">Clicking button '//button[span[text()='OK']]'.</msg>
<arg>${payment_locator.ok_btn}</arg>
<doc>Clicks the button identified by ``locator``.</doc>
<status status="PASS" start="2024-09-26T14:26:41.626162" elapsed="0.064760"/>
</kw>
<status status="PASS" start="2024-09-26T14:26:41.288379" elapsed="0.403570"/>
</kw>
<arg>${cradit_card.cardNum}</arg>
<arg>${cradit_card.date}</arg>
<arg>${cradit_card.cvc}</arg>
<arg>${cradit_card.nameOnCard}</arg>
<status status="PASS" start="2024-09-26T14:26:40.701442" elapsed="0.990507"/>
</kw>
<kw name="Click user icon" owner="common">
<kw name="Wait Until Element Is Visible" owner="SeleniumLibrary">
<arg>${common_locator.user_icon}</arg>
<doc>Waits until the element ``locator`` is visible.</doc>
<status status="PASS" start="2024-09-26T14:26:41.692945" elapsed="0.019109"/>
</kw>
<kw name="Click Element" owner="SeleniumLibrary">
<msg time="2024-09-26T14:26:41.713025" level="INFO">Clicking element 'xpath=//span[@class='anticon anticon-user icon-size']'.</msg>
<arg>${common_locator.user_icon}</arg>
<doc>Click the element identified by ``locator``.</doc>
<status status="PASS" start="2024-09-26T14:26:41.712054" elapsed="0.240592"/>
</kw>
<status status="PASS" start="2024-09-26T14:26:41.691949" elapsed="0.260697"/>
</kw>
<status status="PASS" start="2024-09-26T14:26:32.298605" elapsed="9.655040"/>
</test>
<status status="FAIL" start="2024-09-26T14:26:19.722755" elapsed="22.232889"/>
</suite>
<statistics>
<total>
<stat pass="1" fail="1" skip="0">All Tests</stat>
</total>
<tag>
</tag>
<suite>
<stat pass="1" fail="1" skip="0" id="s1" name="Tc01">Tc01</stat>
</suite>
</statistics>
<errors>
</errors>
</robot>
