<?xml version="1.0" encoding="UTF-8"?>
<robot generator="Robot 7.1 (Python 3.12.6 on win32)" generated="2024-09-19T00:09:02.312640" rpa="false" schemaversion="5">
<suite id="s1" name="Robot Freamwork" source="C:\Users\chano\Desktop\Robot_Freamwork">
<suite id="s1-s1" name="TaskEng10" source="C:\Users\chano\Desktop\Robot_Freamwork\TaskEng10.robot">
<test id="s1-s1-t1" name="Test01" line="9">
<kw name="Set Variable" owner="BuiltIn">
<msg time="2024-09-19T00:09:02.346537" level="INFO">${include_summary} = True</msg>
<var>${include_summary}</var>
<arg>True</arg>
<doc>Returns the given values which can then be assigned to a variables.</doc>
<status status="PASS" start="2024-09-19T00:09:02.346537" elapsed="0.000000"/>
</kw>
<kw name="Create List" owner="BuiltIn">
<msg time="2024-09-19T00:09:02.346537" level="INFO">@{overview} = [ 77.9ms | 60.0ms ]</msg>
<var>@{overview}</var>
<arg>77.9ms</arg>
<arg>60.0ms</arg>
<doc>Returns a list containing given items.</doc>
<status status="PASS" start="2024-09-19T00:09:02.346537" elapsed="0.000000"/>
</kw>
<kw name="Create Dictionary" owner="BuiltIn">
<msg time="2024-09-19T00:09:02.346537" level="INFO">&amp;{report_config} = { data_sources={data_sources1:Firebase, data_sources2:AWS} | report_sections={overview: ['77.9ms', '60.0ms'], detailed_findings:goood} | output_format={data_sources1:pdf, data_sources2:docx} }</msg>
<var>&amp;{report_config}</var>
<arg>data_sources={data_sources1:Firebase, data_sources2:AWS}</arg>
<arg>report_sections={overview: @{overview}, detailed_findings:goood}</arg>
<arg>output_format={data_sources1:pdf, data_sources2:docx}</arg>
<doc>Creates and returns a dictionary based on the given ``items``.</doc>
<status status="PASS" start="2024-09-19T00:09:02.346537" elapsed="0.000000"/>
</kw>
<kw name="Generate Compliance Report">
<kw name="Log To Console" owner="BuiltIn">
<arg>Incluse summary ${include_summary}</arg>
<doc>Logs the given message to the console.</doc>
<status status="PASS" start="2024-09-19T00:09:02.346537" elapsed="0.000000"/>
</kw>
<kw name="Log To Console" owner="BuiltIn">
<arg>data_sources ${report_config['data_sources']}</arg>
<doc>Logs the given message to the console.</doc>
<status status="PASS" start="2024-09-19T00:09:02.346537" elapsed="0.007418"/>
</kw>
<arg>${include_summary}</arg>
<arg>&amp;{report_config}</arg>
<status status="PASS" start="2024-09-19T00:09:02.346537" elapsed="0.007418"/>
</kw>
<status status="PASS" start="2024-09-19T00:09:02.346021" elapsed="0.007934"/>
</test>
<status status="PASS" start="2024-09-19T00:09:02.337417" elapsed="0.018659"/>
</suite>
<status status="PASS" start="2024-09-19T00:09:02.312640" elapsed="0.045264"/>
</suite>
<statistics>
<total>
<stat pass="1" fail="0" skip="0">All Tests</stat>
</total>
<tag>
</tag>
<suite>
<stat pass="1" fail="0" skip="0" id="s1" name="Robot Freamwork">Robot Freamwork</stat>
<stat pass="1" fail="0" skip="0" id="s1-s1" name="TaskEng10">Robot Freamwork.TaskEng10</stat>
</suite>
</statistics>
<errors>
</errors>
</robot>
